{
  "RSpec": {
    "coverage": {
      "/Users/laurenproctor/Sites/wdi/rspec_demo/config/environment.rb": [
        null,
        1,
        null,
        null,
        1
      ],
      "/Users/laurenproctor/Sites/wdi/rspec_demo/config/application.rb": [
        1,
        null,
        null,
        1,
        1,
        1,
        1,
        1,
        null,
        null,
        1,
        null,
        1,
        null,
        null,
        null,
        null,
        1,
        1,
        null,
        null,
        null,
        null,
        null,
        null,
        null,
        null,
        null,
        null,
        null,
        null,
        null,
        null,
        null,
        null,
        null,
        null,
        null,
        null,
        null,
        null,
        null,
        1,
        null,
        null,
        1,
        null,
        null,
        1,
        null,
        null,
        null,
        null,
        null,
        null,
        null,
        null,
        null,
        null,
        1,
        null,
        null,
        1,
        null,
        null,
        1,
        null,
        null
      ],
      "/Users/laurenproctor/Sites/wdi/rspec_demo/config/boot.rb": [
        1,
        null,
        null,
        1,
        null,
        1
      ],
      "/Users/laurenproctor/Sites/wdi/rspec_demo/config/environments/test.rb": [
        1,
        null,
        null,
        null,
        null,
        null,
        null,
        1,
        null,
        null,
        1,
        1,
        null,
        null,
        1,
        null,
        null,
        1,
        1,
        null,
        null,
        1,
        null,
        null,
        1,
        null,
        null,
        null,
        null,
        1,
        null,
        null,
        1,
        null,
        null,
        1,
        null
      ],
      "/Users/laurenproctor/Sites/wdi/rspec_demo/config/initializers/backtrace_silencers.rb": [
        null,
        null,
        null,
        null,
        null,
        null,
        null
      ],
      "/Users/laurenproctor/Sites/wdi/rspec_demo/config/initializers/inflections.rb": [
        null,
        null,
        null,
        null,
        null,
        null,
        null,
        null,
        null,
        null,
        null,
        null,
        null,
        null,
        null
      ],
      "/Users/laurenproctor/Sites/wdi/rspec_demo/config/initializers/mime_types.rb": [
        null,
        null,
        null,
        null,
        null
      ],
      "/Users/laurenproctor/Sites/wdi/rspec_demo/config/initializers/secret_token.rb": [
        null,
        null,
        null,
        null,
        null,
        null,
        1
      ],
      "/Users/laurenproctor/Sites/wdi/rspec_demo/config/initializers/session_store.rb": [
        null,
        null,
        1,
        null,
        null,
        null,
        null,
        null
      ],
      "/Users/laurenproctor/Sites/wdi/rspec_demo/config/initializers/wrap_parameters.rb": [
        null,
        null,
        null,
        null,
        null,
        null,
        1,
        1,
        null,
        null,
        null,
        1,
        1,
        null
      ],
      "/Users/laurenproctor/Sites/wdi/rspec_demo/app/controllers/application_controller.rb": [
        1,
        1,
        null
      ],
      "/Users/laurenproctor/Sites/wdi/rspec_demo/app/helpers/application_helper.rb": [
        1,
        null
      ],
      "/Users/laurenproctor/Sites/wdi/rspec_demo/app/helpers/fruits_helper.rb": [
        1,
        null
      ],
      "/Users/laurenproctor/Sites/wdi/rspec_demo/app/controllers/fruits_controller.rb": [
        1,
        null,
        1,
        7,
        null,
        7,
        7,
        11,
        null,
        null,
        null,
        1,
        0,
        null,
        null,
        1,
        0,
        null,
        null,
        1,
        5,
        5,
        2,
        null,
        3,
        null,
        null,
        null,
        null,
        null
      ],
      "/Users/laurenproctor/Sites/wdi/rspec_demo/app/models/fruit.rb": [
        1,
        1,
        null,
        1,
        null,
        1,
        null,
        null,
        null,
        1,
        null,
        null
      ],
      "/Users/laurenproctor/Sites/wdi/rspec_demo/app/models/apple.rb": [
        1,
        1,
        0,
        null,
        null
      ],
      "/Users/laurenproctor/Sites/wdi/rspec_demo/app/models/pear.rb": [
        1,
        1,
        0,
        null,
        null,
        1,
        0,
        null,
        null,
        1,
        0,
        null,
        null,
        null
      ],
      "/Users/laurenproctor/Sites/wdi/rspec_demo/app/models/stair.rb": [
        1,
        null,
        null,
        1,
        null
      ],
      "/Users/laurenproctor/Sites/wdi/rspec_demo/config/routes.rb": [
        1,
        null,
        1,
        null,
        null,
        null,
        null,
        null,
        null,
        null,
        null,
        null,
        null,
        null,
        null,
        null,
        null,
        null,
        null,
        null,
        null,
        null,
        null,
        null,
        null,
        null,
        null,
        null,
        null,
        null,
        null,
        null,
        null,
        null,
        null,
        null,
        null,
        null,
        null,
        null,
        null,
        null,
        null,
        null,
        null,
        null,
        null,
        null,
        null,
        null,
        null,
        null,
        null,
        null,
        null,
        null,
        null,
        null,
        null,
        null
      ],
      "/Users/laurenproctor/Sites/wdi/rspec_demo/spec/support/blueprints.rb": [
        1,
        null,
        1,
        21,
        42,
        42,
        42,
        42,
        21,
        null,
        null,
        1,
        null
      ]
    },
    "timestamp": 1368118592
  }
}
